[debug] [2020-12-14T22:02:40.719Z] ----------------------------------------------------------------------
[debug] [2020-12-14T22:02:40.722Z] Command:       C:\Program Files\nodejs\node.exe C:\Users\Cristhian_Apolo\AppData\Roaming\npm\node_modules\firebase-tools\lib\bin\firebase.js deploy
[debug] [2020-12-14T22:02:40.722Z] CLI Version:   8.19.0
[debug] [2020-12-14T22:02:40.722Z] Platform:      win32
[debug] [2020-12-14T22:02:40.722Z] Node Version:  v12.16.2
[debug] [2020-12-14T22:02:40.723Z] Time:          Mon Dec 14 2020 17:02:40 GMT-0500 (GMT-05:00)
[debug] [2020-12-14T22:02:40.723Z] ----------------------------------------------------------------------
[debug] [2020-12-14T22:02:40.723Z] 
[debug] [2020-12-14T22:02:40.734Z] > command requires scopes: ["email","openid","https://www.googleapis.com/auth/cloudplatformprojects.readonly","https://www.googleapis.com/auth/firebase","https://www.googleapis.com/auth/cloud-platform"]
[debug] [2020-12-14T22:02:40.734Z] > authorizing via signed-in user
[debug] [2020-12-14T22:02:40.735Z] [iam] checking project odmm-autodiagostico for permissions ["cloudfunctions.functions.create","cloudfunctions.functions.delete","cloudfunctions.functions.get","cloudfunctions.functions.list","cloudfunctions.functions.update","cloudfunctions.operations.get","datastore.indexes.create","datastore.indexes.delete","datastore.indexes.list","datastore.indexes.update","firebase.projects.get","firebasehosting.sites.update"]
[debug] [2020-12-14T22:02:40.738Z] > refreshing access token with scopes: ["email","https://www.googleapis.com/auth/cloud-platform","https://www.googleapis.com/auth/cloudplatformprojects.readonly","https://www.googleapis.com/auth/firebase","openid"]
[debug] [2020-12-14T22:02:40.739Z] >>> HTTP REQUEST POST https://www.googleapis.com/oauth2/v3/token  
 <request body omitted>
[debug] [2020-12-14T22:02:44.857Z] <<< HTTP RESPONSE 200 {"expires":"Mon, 01 Jan 1990 00:00:00 GMT","cache-control":"no-cache, no-store, max-age=0, must-revalidate","date":"Mon, 14 Dec 2020 22:02:44 GMT","pragma":"no-cache","content-type":"application/json; charset=utf-8","vary":"X-Origin, Referer, Origin,Accept-Encoding","server":"scaffolding on HTTPServer2","x-xss-protection":"0","x-frame-options":"SAMEORIGIN","x-content-type-options":"nosniff","alt-svc":"h3-29=\":443\"; ma=2592000,h3-T051=\":443\"; ma=2592000,h3-Q050=\":443\"; ma=2592000,h3-Q046=\":443\"; ma=2592000,h3-Q043=\":443\"; ma=2592000,quic=\":443\"; ma=2592000; v=\"46,43\"","accept-ranges":"none","transfer-encoding":"chunked"}
[debug] [2020-12-14T22:02:44.863Z] >>> HTTP REQUEST POST https://cloudresourcemanager.googleapis.com/v1/projects/odmm-autodiagostico:testIamPermissions  
 {"permissions":["cloudfunctions.functions.create","cloudfunctions.functions.delete","cloudfunctions.functions.get","cloudfunctions.functions.list","cloudfunctions.functions.update","cloudfunctions.operations.get","datastore.indexes.create","datastore.indexes.delete","datastore.indexes.list","datastore.indexes.update","firebase.projects.get","firebasehosting.sites.update"]}
[debug] [2020-12-14T22:02:47.507Z] <<< HTTP RESPONSE 200 {"content-type":"application/json; charset=UTF-8","vary":"X-Origin, Referer, Origin,Accept-Encoding","date":"Mon, 14 Dec 2020 22:02:48 GMT","server":"ESF","cache-control":"private","x-xss-protection":"0","x-frame-options":"SAMEORIGIN","x-content-type-options":"nosniff","server-timing":"gfet4t7; dur=152","alt-svc":"h3-29=\":443\"; ma=2592000,h3-T051=\":443\"; ma=2592000,h3-Q050=\":443\"; ma=2592000,h3-Q046=\":443\"; ma=2592000,h3-Q043=\":443\"; ma=2592000,quic=\":443\"; ma=2592000; v=\"46,43\"","accept-ranges":"none","transfer-encoding":"chunked"}
[debug] [2020-12-14T22:02:47.508Z] >>> HTTP REQUEST POST https://iam.googleapis.com/v1/projects/odmm-autodiagostico/serviceAccounts/odmm-autodiagostico@appspot.gserviceaccount.com:testIamPermissions  
 {"permissions":["iam.serviceAccounts.actAs"]}
[debug] [2020-12-14T22:02:48.199Z] <<< HTTP RESPONSE 200 {"content-type":"application/json; charset=UTF-8","vary":"X-Origin, Referer, Origin,Accept-Encoding","date":"Mon, 14 Dec 2020 22:02:49 GMT","server":"ESF","cache-control":"private","x-xss-protection":"0","x-frame-options":"SAMEORIGIN","x-content-type-options":"nosniff","alt-svc":"h3-29=\":443\"; ma=2592000,h3-T051=\":443\"; ma=2592000,h3-Q050=\":443\"; ma=2592000,h3-Q046=\":443\"; ma=2592000,h3-Q043=\":443\"; ma=2592000,quic=\":443\"; ma=2592000; v=\"46,43\"","accept-ranges":"none","transfer-encoding":"chunked"}
[debug] [2020-12-14T22:02:48.201Z] >>> HTTP REQUEST GET https://firebase.googleapis.com/v1beta1/projects/odmm-autodiagostico  
 
[debug] [2020-12-14T22:02:48.777Z] <<< HTTP RESPONSE 200 {"content-type":"application/json; charset=UTF-8","vary":"X-Origin, Referer, Origin,Accept-Encoding","date":"Mon, 14 Dec 2020 22:02:50 GMT","server":"ESF","cache-control":"private","x-xss-protection":"0","x-frame-options":"SAMEORIGIN","x-content-type-options":"nosniff","alt-svc":"h3-29=\":443\"; ma=2592000,h3-T051=\":443\"; ma=2592000,h3-Q050=\":443\"; ma=2592000,h3-Q046=\":443\"; ma=2592000,h3-Q043=\":443\"; ma=2592000,quic=\":443\"; ma=2592000; v=\"46,43\"","accept-ranges":"none","transfer-encoding":"chunked"}
[warn] !  functions: package.json indicates an outdated version of firebase-functions.
Please upgrade using npm install --save firebase-functions@latest in your functions directory. 
[info] 
[info] === Deploying to 'odmm-autodiagostico'...
[info] 
[info] i  deploying firestore, functions, hosting 
[info] i  firestore: reading indexes from firestore.indexes.json... 
[info] i  cloud.firestore: checking firestore.rules for compilation errors... 
[debug] [2020-12-14T22:02:52.553Z] >>> HTTP REQUEST POST https://firebaserules.googleapis.com/v1/projects/odmm-autodiagostico:test  
 {"source":{"files":[{"name":"firestore.rules","content":"rules_version = '2';\nservice cloud.firestore {\n  match /databases/{database}/documents {\n    match /{document=**} {\n      allow read, write;\n    }\n  }\n}"}]}}
[debug] [2020-12-14T22:02:53.032Z] <<< HTTP RESPONSE 200 {"content-type":"application/json; charset=UTF-8","vary":"X-Origin, Referer, Origin,Accept-Encoding","date":"Mon, 14 Dec 2020 22:02:54 GMT","server":"ESF","cache-control":"private","x-xss-protection":"0","x-frame-options":"SAMEORIGIN","x-content-type-options":"nosniff","alt-svc":"h3-29=\":443\"; ma=2592000,h3-T051=\":443\"; ma=2592000,h3-Q050=\":443\"; ma=2592000,h3-Q046=\":443\"; ma=2592000,h3-Q043=\":443\"; ma=2592000,quic=\":443\"; ma=2592000; v=\"46,43\"","accept-ranges":"none","transfer-encoding":"chunked"}
[info] +  cloud.firestore: rules file firestore.rules compiled successfully 
[debug] [2020-12-14T22:02:53.037Z] > [functions] package.json contents: {
  "name": "cuestionario",
  "description": "Obtiene el cuestionario de las colecciones de Firestore",
  "scripts": {
    "serve": "firebase emulators:start --only functions",
    "shell": "firebase functions:shell",
    "start": "npm run shell",
    "deploy": "firebase deploy --only functions",
    "logs": "firebase functions:log"
  },
  "engines": {
    "node": "12"
  },
  "main": "index.js",
  "dependencies": {
    "cors": "^2.8.5",
    "express": "^4.17.1",
    "firebase-admin": "^9.2.0",
    "firebase-functions": "^3.11.0"
  },
  "devDependencies": {
    "@types/cors": "^2.8.8",
    "@types/express": "^4.17.9",
    "eslint": "^7.14.0",
    "eslint-plugin-promise": "^4.2.1",
    "firebase-functions-test": "^0.2.0"
  },
  "private": true
}
[info] i  functions: ensuring required API cloudfunctions.googleapis.com is enabled... 
[info] i  functions: ensuring required API cloudbuild.googleapis.com is enabled... 
[debug] [2020-12-14T22:02:54.718Z] >>> HTTP REQUEST GET https://serviceusage.googleapis.com/v1/projects/odmm-autodiagostico/services/cloudfunctions.googleapis.com  
 
[debug] [2020-12-14T22:02:54.718Z] >>> HTTP REQUEST GET https://serviceusage.googleapis.com/v1/projects/odmm-autodiagostico/services/runtimeconfig.googleapis.com  
 
[debug] [2020-12-14T22:02:54.719Z] >>> HTTP REQUEST GET https://serviceusage.googleapis.com/v1/projects/odmm-autodiagostico/services/cloudbuild.googleapis.com  
 
[debug] [2020-12-14T22:02:55.532Z] <<< HTTP RESPONSE 200 {"content-type":"application/json; charset=UTF-8","vary":"X-Origin, Referer, Origin,Accept-Encoding","date":"Mon, 14 Dec 2020 22:02:57 GMT","server":"ESF","cache-control":"private","x-xss-protection":"0","x-frame-options":"SAMEORIGIN","x-content-type-options":"nosniff","alt-svc":"h3-29=\":443\"; ma=2592000,h3-T051=\":443\"; ma=2592000,h3-Q050=\":443\"; ma=2592000,h3-Q046=\":443\"; ma=2592000,h3-Q043=\":443\"; ma=2592000,quic=\":443\"; ma=2592000; v=\"46,43\"","accept-ranges":"none","transfer-encoding":"chunked"}
[debug] [2020-12-14T22:02:55.622Z] <<< HTTP RESPONSE 200 {"content-type":"application/json; charset=UTF-8","vary":"X-Origin, Referer, Origin,Accept-Encoding","date":"Mon, 14 Dec 2020 22:02:57 GMT","server":"ESF","cache-control":"private","x-xss-protection":"0","x-frame-options":"SAMEORIGIN","x-content-type-options":"nosniff","alt-svc":"h3-29=\":443\"; ma=2592000,h3-T051=\":443\"; ma=2592000,h3-Q050=\":443\"; ma=2592000,h3-Q046=\":443\"; ma=2592000,h3-Q043=\":443\"; ma=2592000,quic=\":443\"; ma=2592000; v=\"46,43\"","accept-ranges":"none","transfer-encoding":"chunked"}
[info] +  functions: required API cloudbuild.googleapis.com is enabled 
[debug] [2020-12-14T22:02:55.683Z] <<< HTTP RESPONSE 200 {"content-type":"application/json; charset=UTF-8","vary":"X-Origin, Referer, Origin,Accept-Encoding","date":"Mon, 14 Dec 2020 22:02:57 GMT","server":"ESF","cache-control":"private","x-xss-protection":"0","x-frame-options":"SAMEORIGIN","x-content-type-options":"nosniff","alt-svc":"h3-29=\":443\"; ma=2592000,h3-T051=\":443\"; ma=2592000,h3-Q050=\":443\"; ma=2592000,h3-Q046=\":443\"; ma=2592000,h3-Q043=\":443\"; ma=2592000,quic=\":443\"; ma=2592000; v=\"46,43\"","accept-ranges":"none","transfer-encoding":"chunked"}
[info] +  functions: required API cloudfunctions.googleapis.com is enabled 
[debug] [2020-12-14T22:02:55.685Z] >>> HTTP REQUEST GET https://firebase.googleapis.com/v1beta1/projects/odmm-autodiagostico/adminSdkConfig  
 
[debug] [2020-12-14T22:02:56.380Z] <<< HTTP RESPONSE 200 {"content-type":"application/json; charset=UTF-8","vary":"X-Origin, Referer, Origin,Accept-Encoding","date":"Mon, 14 Dec 2020 22:02:58 GMT","server":"ESF","cache-control":"private","x-xss-protection":"0","x-frame-options":"SAMEORIGIN","x-content-type-options":"nosniff","alt-svc":"h3-29=\":443\"; ma=2592000,h3-T051=\":443\"; ma=2592000,h3-Q050=\":443\"; ma=2592000,h3-Q046=\":443\"; ma=2592000,h3-Q043=\":443\"; ma=2592000,quic=\":443\"; ma=2592000; v=\"46,43\"","accept-ranges":"none","transfer-encoding":"chunked"}
[debug] [2020-12-14T22:02:56.382Z] >>> HTTP REQUEST POST https://firebasehosting.googleapis.com/v1beta1/sites/odmm-autodiagostico/versions  
 {"config":{"rewrites":[{"glob":"**","path":"/index.html"}]},"labels":{"deployment-tool":"cli-firebase"}}
[debug] [2020-12-14T22:02:57.491Z] <<< HTTP RESPONSE 200 {"content-type":"application/json; charset=UTF-8","vary":"X-Origin, Referer, Origin,Accept-Encoding","date":"Mon, 14 Dec 2020 22:02:59 GMT","server":"ESF","cache-control":"private","x-xss-protection":"0","x-frame-options":"SAMEORIGIN","x-content-type-options":"nosniff","alt-svc":"h3-29=\":443\"; ma=2592000,h3-T051=\":443\"; ma=2592000,h3-Q050=\":443\"; ma=2592000,h3-Q046=\":443\"; ma=2592000,h3-Q043=\":443\"; ma=2592000,quic=\":443\"; ma=2592000; v=\"46,43\"","accept-ranges":"none","transfer-encoding":"chunked"}
[debug] [2020-12-14T22:02:57.494Z] >>> HTTP REQUEST GET https://firebaserules.googleapis.com/v1/projects/odmm-autodiagostico/releases?pageSize=10&pageToken=  
 
[debug] [2020-12-14T22:02:57.495Z] >>> HTTP REQUEST GET https://firestore.googleapis.com/v1/projects/odmm-autodiagostico/databases/(default)/collectionGroups/-/indexes  
 
[debug] [2020-12-14T22:02:58.097Z] <<< HTTP RESPONSE 200 {"content-type":"application/json; charset=UTF-8","vary":"X-Origin, Referer, Origin,Accept-Encoding","date":"Mon, 14 Dec 2020 22:02:59 GMT","server":"ESF","cache-control":"private","x-xss-protection":"0","x-frame-options":"SAMEORIGIN","x-content-type-options":"nosniff","alt-svc":"h3-29=\":443\"; ma=2592000,h3-T051=\":443\"; ma=2592000,h3-Q050=\":443\"; ma=2592000,h3-Q046=\":443\"; ma=2592000,h3-Q043=\":443\"; ma=2592000,quic=\":443\"; ma=2592000; v=\"46,43\"","accept-ranges":"none","transfer-encoding":"chunked"}
[debug] [2020-12-14T22:02:58.099Z] >>> HTTP REQUEST GET https://firebaserules.googleapis.com/v1/projects/odmm-autodiagostico/rulesets/7eb38dcf-8ac2-45a3-9912-5c66faae24a8  
 
[debug] [2020-12-14T22:02:58.474Z] <<< HTTP RESPONSE 200 {"content-type":"application/json; charset=UTF-8","vary":"X-Origin, Referer, Origin,Accept-Encoding","date":"Mon, 14 Dec 2020 22:03:00 GMT","server":"ESF","cache-control":"private","x-xss-protection":"0","x-frame-options":"SAMEORIGIN","x-content-type-options":"nosniff","alt-svc":"h3-29=\":443\"; ma=2592000,h3-T051=\":443\"; ma=2592000,h3-Q050=\":443\"; ma=2592000,h3-Q046=\":443\"; ma=2592000,h3-Q043=\":443\"; ma=2592000,quic=\":443\"; ma=2592000; v=\"46,43\"","accept-ranges":"none","transfer-encoding":"chunked"}
[debug] [2020-12-14T22:02:58.476Z] >>> HTTP REQUEST GET https://firestore.googleapis.com/v1/projects/odmm-autodiagostico/databases/(default)/collectionGroups/-/fields?filter=indexConfig.usesAncestorConfig=false  
 
[debug] [2020-12-14T22:02:58.730Z] <<< HTTP RESPONSE 200 {"content-type":"application/json; charset=UTF-8","vary":"X-Origin, Referer, Origin,Accept-Encoding","date":"Mon, 14 Dec 2020 22:03:00 GMT","server":"ESF","cache-control":"private","x-xss-protection":"0","x-frame-options":"SAMEORIGIN","x-content-type-options":"nosniff","alt-svc":"h3-29=\":443\"; ma=2592000,h3-T051=\":443\"; ma=2592000,h3-Q050=\":443\"; ma=2592000,h3-Q046=\":443\"; ma=2592000,h3-Q043=\":443\"; ma=2592000,quic=\":443\"; ma=2592000; v=\"46,43\"","accept-ranges":"none","transfer-encoding":"chunked"}
[info] i  firestore: latest version of firestore.rules already up to date, skipping upload... 
[debug] [2020-12-14T22:02:59.269Z] <<< HTTP RESPONSE 200 {"content-type":"application/json; charset=UTF-8","vary":"X-Origin, Referer, Origin,Accept-Encoding","date":"Mon, 14 Dec 2020 22:03:01 GMT","server":"ESF","cache-control":"private","x-xss-protection":"0","x-frame-options":"SAMEORIGIN","x-content-type-options":"nosniff","alt-svc":"h3-29=\":443\"; ma=2592000,h3-T051=\":443\"; ma=2592000,h3-Q050=\":443\"; ma=2592000,h3-Q046=\":443\"; ma=2592000,h3-Q043=\":443\"; ma=2592000,quic=\":443\"; ma=2592000; v=\"46,43\"","accept-ranges":"none","transfer-encoding":"chunked"}
[info] i  firestore: The following indexes are defined in your project but are not present in your firestore indexes file:
	(canton) -- (idProvincia,ASCENDING) (nombre,ASCENDING) 
	(empresas) -- (idUser,ASCENDING) (razon_social,ASCENDING) 
	(empresas) -- (idUser,ASCENDING) (fechaCreacion,ASCENDING) 
	(cuestionarios) -- (idUser,ASCENDING) (categoria,ASCENDING) 
	(provincia) -- (idPais,ASCENDING) (nombre,ASCENDING) 
	(empresas) -- (idSectorInd,ASCENDING) (idUser,ASCENDING) (fechaCreacion,ASCENDING) 
	(cuestionarios) -- (idUser,ASCENDING) (fechaCreacion,ASCENDING)  
[info] +  firestore: deployed indexes in firestore.indexes.json successfully 
[info] i  functions: preparing functions directory for uploading... 
[debug] [2020-12-14T22:03:07.027Z] >>> HTTP REQUEST GET https://runtimeconfig.googleapis.com/v1beta1/projects/odmm-autodiagostico/configs  
 
[debug] [2020-12-14T22:03:07.673Z] <<< HTTP RESPONSE 200 {"content-type":"application/json; charset=UTF-8","vary":"X-Origin, Referer, Origin,Accept-Encoding","date":"Mon, 14 Dec 2020 22:03:09 GMT","server":"ESF","cache-control":"private","x-xss-protection":"0","x-frame-options":"SAMEORIGIN","x-content-type-options":"nosniff","alt-svc":"h3-29=\":443\"; ma=2592000,h3-T051=\":443\"; ma=2592000,h3-Q050=\":443\"; ma=2592000,h3-Q046=\":443\"; ma=2592000,h3-Q043=\":443\"; ma=2592000,quic=\":443\"; ma=2592000; v=\"46,43\"","accept-ranges":"none","transfer-encoding":"chunked"}
[info] i  functions: packaged functions (39.68 KB) for uploading 
[debug] [2020-12-14T22:03:08.145Z] >>> HTTP REQUEST GET https://cloudfunctions.googleapis.com/v1/projects/odmm-autodiagostico/locations/-/functions  
 
[debug] [2020-12-14T22:03:08.973Z] <<< HTTP RESPONSE 200 {"content-type":"application/json; charset=UTF-8","vary":"X-Origin, Referer, Origin,Accept-Encoding","date":"Mon, 14 Dec 2020 22:03:10 GMT","server":"ESF","cache-control":"private","x-xss-protection":"0","x-frame-options":"SAMEORIGIN","x-content-type-options":"nosniff","alt-svc":"h3-29=\":443\"; ma=2592000,h3-T051=\":443\"; ma=2592000,h3-Q050=\":443\"; ma=2592000,h3-Q046=\":443\"; ma=2592000,h3-Q043=\":443\"; ma=2592000,quic=\":443\"; ma=2592000; v=\"46,43\"","accept-ranges":"none","transfer-encoding":"chunked"}
[debug] [2020-12-14T22:03:08.975Z] >>> HTTP REQUEST POST https://cloudfunctions.googleapis.com/v1/projects/odmm-autodiagostico/locations/us-central1/functions:generateUploadUrl  
 
[debug] [2020-12-14T22:03:10.358Z] <<< HTTP RESPONSE 200 {"content-type":"application/json; charset=UTF-8","vary":"X-Origin, Referer, Origin,Accept-Encoding","date":"Mon, 14 Dec 2020 22:03:12 GMT","server":"ESF","cache-control":"private","x-xss-protection":"0","x-frame-options":"SAMEORIGIN","x-content-type-options":"nosniff","alt-svc":"h3-29=\":443\"; ma=2592000,h3-T051=\":443\"; ma=2592000,h3-Q050=\":443\"; ma=2592000,h3-Q046=\":443\"; ma=2592000,h3-Q043=\":443\"; ma=2592000,quic=\":443\"; ma=2592000; v=\"46,43\"","accept-ranges":"none","transfer-encoding":"chunked"}
[debug] [2020-12-14T22:03:10.358Z] >>> HTTP REQUEST PUT https://storage.googleapis.com/gcf-upload-us-central1-9f0be64f-885a-4030-b109-b3c44797549c/1801f54e-f8f0-4581-b4db-73dd64cddc81.zip?GoogleAccessId=service-865588017822@gcf-admin-robot.iam.gserviceaccount.com&Expires=1607985191&Signature=TyikvwyO4zO4Z%2FAbn20xrfprxpBfVQENxTh7D%2Brs%2FNRNxvYrCXXOm1BbjyJBK9SYFJyESRIpNHyBSFYmcdy8XaHajunKG%2B4Txdr09znvDtXW3vww9nuNAsR%2FGuEY8VTAyuHkXBY1vPf937anwpCzi97jMo%2Fy8WvdkzEcuke3FMtCbN2YtgyFArtf35bWMFPVAhNAkPWxYkTQMpqKzFbUaJxOVIPellJwZJRfsR2aQPQERWz918GvbxQcmPHksf0S9%2BENf8mdeI1fNHWufqehLzqwYXqgYiueNPXVHa6LXNyd52eqUlsimEuBmkyYGp%2FNPksTMRWKfyh0waxXQ%2FYK9A%3D%3D  
 <request body omitted>
[debug] [2020-12-14T22:03:11.862Z] <<< HTTP RESPONSE 200 {"x-guploader-uploadid":"ABg5-Ux7LAFyOpM9AiAZ3itROxGDHaiXxcEtxe_zvhlLQicBY1kZnBCfauLa7gW_R6JdtEg2rqnNKNKaP9iYzL76SuACnpaSyw","etag":"\"94ffb341faf6d66bd5abe1d60f5b35cc\"","x-goog-generation":"1607983393528632","x-goog-metageneration":"1","x-goog-hash":"crc32c=IbAvNA==, md5=lP+zQfr21mvVq+HWD1s1zA==","x-goog-stored-content-length":"40629","x-goog-stored-content-encoding":"identity","vary":"Origin","content-length":"0","date":"Mon, 14 Dec 2020 22:03:13 GMT","server":"UploadServer","content-type":"text/html; charset=UTF-8","alt-svc":"h3-29=\":443\"; ma=2592000,h3-T051=\":443\"; ma=2592000,h3-Q050=\":443\"; ma=2592000,h3-Q046=\":443\"; ma=2592000,h3-Q043=\":443\"; ma=2592000,quic=\":443\"; ma=2592000; v=\"46,43\""}
[info] +  functions: functions folder uploaded successfully 
[info] i  hosting[odmm-autodiagostico]: beginning deploy... 
[info] i  hosting[odmm-autodiagostico]: found 124 files in dist 
[debug] [2020-12-14T22:03:11.918Z] > refreshing access token with scopes: []
[debug] [2020-12-14T22:03:11.919Z] >>> HTTP REQUEST POST https://www.googleapis.com/oauth2/v3/token  
 <request body omitted>
[debug] [2020-12-14T22:03:11.921Z] [hosting] hash cache [ZGlzdA] stored for 124 files
[debug] [2020-12-14T22:03:11.922Z] [hosting][hash queue][FINAL] {"max":6,"min":0,"avg":1.2552311182743146,"active":0,"complete":124,"success":124,"errored":0,"retried":0,"total":124,"elapsed":18}
[debug] [2020-12-14T22:03:12.478Z] <<< HTTP RESPONSE 200 {"cache-control":"no-cache, no-store, max-age=0, must-revalidate","date":"Mon, 14 Dec 2020 22:03:14 GMT","pragma":"no-cache","expires":"Mon, 01 Jan 1990 00:00:00 GMT","content-type":"application/json; charset=utf-8","vary":"X-Origin, Referer, Origin,Accept-Encoding","server":"scaffolding on HTTPServer2","x-xss-protection":"0","x-frame-options":"SAMEORIGIN","x-content-type-options":"nosniff","alt-svc":"h3-29=\":443\"; ma=2592000,h3-T051=\":443\"; ma=2592000,h3-Q050=\":443\"; ma=2592000,h3-Q046=\":443\"; ma=2592000,h3-Q043=\":443\"; ma=2592000,quic=\":443\"; ma=2592000; v=\"46,43\"","accept-ranges":"none","transfer-encoding":"chunked"}
[debug] [2020-12-14T22:03:12.491Z] >>> [apiv2][query] POST https://firebasehosting.googleapis.com/v1beta1/sites/odmm-autodiagostico/versions/132cf1b153b45b52:populateFiles [none]
[debug] [2020-12-14T22:03:12.492Z] >>> [apiv2][body] POST https://firebasehosting.googleapis.com/v1beta1/sites/odmm-autodiagostico/versions/132cf1b153b45b52:populateFiles {"files":{"/3rdpartylicenses.txt":"7fd73b9f2321ce2d1b43ad6e8e8dbc737cb94367b892bcfd67484bc917e171f2","/5-es2015.e4f210665dc07b8269e2.js":"017c4b0e08eaa470b36db5a490835eb76839382ac0b8ef702e1fe352f532e68d","/5-es5.e4f210665dc07b8269e2.js":"8e165d504c0ebb7bea0b9485c605d1240e5413de31fb2f9d2dae45634cef0dc2","/6-es2015.9f8568f44e4e4f80dc5e.js":"c7b2ddd99c21334951cff1f93e0633df738b45061cf1e8201980c69c53a4acf6","/6-es5.9f8568f44e4e4f80dc5e.js":"f8eaa25885bb45f90a6971b0c81789f1ba470dbe0856e212f4587cc64ff1c43f","/fa-brands-400.31015e861aeb30ff8355.woff2":"220cf7498534a7dd6ac3ae070d095212a5c671f2e142698a1aa158d8a4eafdc5","/fa-brands-400.3c45c98f6f6c1b009c08.svg":"886e2043744a3f6f1b516a745a223f8c7d33e71f52c5a19472df78ac82bd6cbe","/fa-brands-400.5818bbd07dfd7095920a.ttf":"d494f1c3bb4c3ec6535a7538ff41698ca114a54f0e6d9df4d9251c0ed1c077a5","/fa-brands-400.607a77859353c0cc1882.eot":"bd1b42566d23232b85daca6a64651081b11201729b79522fed5314ccb9c89951","/fa-brands-400.ee26f57bc9e3619b022b.woff":"3d7bb7f03279c9f7693a2fc67173a07161ff52a1aaf264cf5242a3a4b9424852","/fa-regular-400.0747be4cba2f8600544f.eot":"5d4ce3dabcec92251cc43f50393f13b1ac60e7a2d4c0b8028d57c25895aedaea","/fa-regular-400.8b892b7904a39e37c53d.woff":"0b3fbad107820f36b7b44677f7b9f8ae4bf350b827548a2cb5b159670a1d66ca","/fa-regular-400.ab47faeab8ddc5f809ec.svg":"000ed4116df7bb5535d1192f7cf77b8b606436838eae455c8970d12c61a5978f","/fa-regular-400.c3146b3524e97475c094.ttf":"1718b6cf292cacbff9309f6aa3cf0f9f878b18f39c4bcc2853665da99b1e839c","/fa-regular-400.c52405129ae48097815d.woff2":"62525241e852ad4d86c390efd5200fd78ee839af316ce7c407aa4ca5033a5044","/fa-solid-900.18df003f90a7f1313b98.svg":"ee069b9a706fd14b317307a7a447c163e9dd21a810f7e6148ecb502b15a18b5b","/fa-solid-900.32267f3b4db33a7c85ee.ttf":"4d9f19215cca3c65e9c25567038e0cc818ebc7bc0e288de93316fc5bd2ab8055","/fa-solid-900.7eefe04dc985dd4ad38b.eot":"54e01726621cd3f99cfed68e057df823322c270003bb956303a9fb5dbd254a54","/fa-solid-900.9451d5fee89b51a20f8a.woff2":"2bfc94d6ac646cecb13240d89875b8da2034242350df59cf8b33d35a0f8b0216","/fa-solid-900.a940d584750708f5435c.woff":"cf76a85d99ba39cbf376d6db74b14100bcdfcc0e0e8b49422564758c4fde3f27","/favicon.ico":"3b78f993f13027179977aaa04a5398b7d6832af035f0aacd1e517ff2c628464a","/index.html":"c7e178ff406973da6ad87d7be210db56891ea49e4b69874468ff2aad896dabe9","/main-es2015.0e1f419028c20f93d0c1.js":"1765a5aaa325f7f32d235ba4285ffdf6487a564ec47450c7aec5beaa95c1e850","/main-es5.0e1f419028c20f93d0c1.js":"dcf631943c983c15e8137f3412eba7df7c1f6253104d829fda46bb98808da90d","/polyfills-es2015.06ecfb40330fb5cd4b23.js":"3e7c89812bf4fd87f9db14f54068690ed64b8be5e64316c9703f9616bef0b00e","/polyfills-es5.d72edbcbd9ec4144e641.js":"db043e6efff46e682ee78b50cf02e3038ddddfb045e6c0b9a416a122f972ae70","/runtime-es2015.e624795aaf082e997ba6.js":"c0187d8da9805bfabdb7862de52aebb6ba3d3bf730787765fbef576380c04722","/runtime-es5.e624795aaf082e997ba6.js":"6ee30bc330b92859eed7ed23e59dd5496264d397dce2f0c887ac645d727bb9ab","/scripts.f79ea8e4c85fcd0eb819.js":"3b146a2795a1d99610f956213d6ace225ef6482c7bcee17c3f9fc61ded2ebc8e","/styles.6431093dc320670c3c26.css":"d257f423d0b94ac192c40dd139fa10a0e1bb2d1886ab6aac073a85d93934c697","/assets/css/demo.css":"9361978eff22245d96e45e4915add91b2413f1f94b868d0887f0913641830602","/assets/img/apple-icon.png":"74f0b7d4db5eff80a0105748a5d051984e8186e98217aeb1d915bc489d4977a9","/assets/img/cover.jpeg":"0f61348d75fd19580d017a44fc9e4f82ccfd48b88708ab8ca5c7cf8fec0e654d","/assets/img/favicon.png":"755955f15a1f300a70c2ff13f2f8aae13ccec227b335711c3b06501211534669","/assets/img/favicon2.png":"6a655c3de50a766e46e8373ad19140620f945253841bbf0fadcb0fbb9625b5fe","/assets/img/gears.gif":"302e3331d17a1bdf5da5df79df3750904f5a85b0acfa500f0625317c7ed4c549","/assets/img/login.png":"76ff372095e67b5167bc211a389d9fbb0e76331768dce64fdd42a645f62f8b31","/assets/img/logo.jpg":"cb67cea1a34c0bcb31be4705a276b15c9ec08a0cdb32e651b134654d59e94500","/assets/img/logo.png":"c0d48a6f23258b29a27e347cb6ac62983709f08dcc6161939a2a95d8486d4811","/assets/img/logo2.jpg":"914ffe5bf6b07d0d71349ff61789bb83a1b951a03da7146fcaa287c648a2251d","/assets/img/logo2.png":"a4b1464a8901a3b10da219deca1c590fc7ecb1c6d31d9d3a296ec0911c5e03f0","/assets/img/marco.png":"e49439f6f99a72bf78018ca1ee8c658b908c0f80fdf4cbd6513c2cd6fe5cb86a","/assets/img/marcoES.jpg":"407377b5f4fd171dd5a1c4785b205aa449ff3b182bc0b5b1f9c96f28496e05ff","/assets/img/mask.png":"52dd43fdcf9de19922c981125189faf0b3d312989fcf599f2e2b0450474b2a4e","/assets/img/reportes.png":"34a78add8c900cd6f1e9aa16d911f1fee905e16ab2f69c20c2012c9e98bcbedc","/assets/img/sidebar-1.jpg":"68d85ef899b62a6c66a32b69a90e266ed52785c28856afee824deb52c20a605f","/assets/img/sidebar-2.jpg":"0387155acd6cc8dcc70b63ecf5651f9ccd1cb2dabe5788905b293c47a2dd7be4","/assets/img/sidebar-3.jpg":"88185c35119309091167284ce8287bae6ac208688bf254e155bd8b4978a22dea","/assets/img/sidebar-4.jpg":"da724bb844eab65c91ccc4892d0c2df03110a09ac742393a7585cd89a1d6c009","/assets/scss/material-dashboard.scss":"7977fc7c3d81a4ae3e561292dc9111c7edb405c67423b34453deafa68419fb78","/assets/scss/core/_alerts.scss":"e63db5b1da22971fba73733fd36cf428532bbc05d97b6055efb551500160be4e","/assets/scss/core/_angular-modal.scss":"d25b8981401d07675ca43086cd03c17ac059965b5ba0bb85af4ce49422a32abe","/assets/scss/core/_buttons.scss":"4c302ab0e7850e15acbc62e62109d42cfd0080a3cca81e5c47beefc0c751cd3c","/assets/scss/core/_cards.scss":"8a83a8f5ef6fcae666538c9455cfc7ae189e578c36e1ccc3700cabe26a035ad9","/assets/scss/core/_checkboxes.scss":"f98e8818f648a436aad9756eacc0dc2ddc6aca4d38b370647a91e0d024db2133","/assets/scss/core/_dropdown.scss":"84b2fec1738bab921e97bc1d56f6683b9458fcc3ab8251da373a65ab232741c1","/assets/scss/core/_example-pages.scss":"5949d5a650c836629a14d5b45515b3d4afca3613e35502722882e25d7e6536ba","/assets/scss/core/_fixed-plugin.scss":"be050e45f1dbef33cc34ddff276c8d24ee185fc1978ec1c0e5b63783d8d37720","/assets/scss/core/_footers.scss":"f1d24e5f477a159847b6816fcd2484eab931cac38259064947f2189c95b3f69e","/assets/scss/core/_forms.scss":"78209d2a86fea6d45a978a4613d94699c554a74fdbb810b78c1a8c737846bc93","/assets/scss/core/_images.scss":"2936703e4380cb83f2a9c520a70d7373a6342f19a2412b0a9aec38f0f6cacf82","/assets/scss/core/_input-group.scss":"7b655cf23e4cac12b9fc9c405b62c50d966cfd339282cfaf46432ebb61e61677","/assets/scss/core/_misc.scss":"199cca389eee2bdb5087bc19a68a1d4d8f99d4c77a99aa902f4150278a314dbd","/assets/scss/core/_mixins.scss":"368baa9c15723c8f379306516036ab7e512aea3f17a87e97a9ac5becb2a57773","/assets/scss/core/_navbar.scss":"cd27fefe5a1afd9c0d31b98b01454e4cf60d62e4939d1328ec3ff05ea58ecf2a","/assets/scss/core/_popover.scss":"2e04c01c45accfabf757506da0dc85880a83914f6af5aae36219f1b8c173a85f","/assets/scss/core/_popups.scss":"f59dfe736fb827200888c204832b3c843bd51d36e6af2c89c1fa81f9f067361d","/assets/scss/core/_radios.scss":"c842606105a287698d3ca2396d33555f145ab3b1a890d4fac4b91f25d2d5165d","/assets/scss/core/_responsive.scss":"cd10bede17d6a1e4b402b1272ae20dd0f029d21f7f9b3168ed154a0af54fae2a","/assets/scss/core/_ripples.scss":"ec7af25acd4fa256d97c26573222b358c122723ce9714e29cf427b62ec6de47a","/assets/scss/core/_sidebar-and-main-panel.scss":"f4463e0d5cc99b78a99796c26345f9cb0c32e9452d9267fddbe7a7f6bc500883","/assets/scss/core/_tables.scss":"a739cd2d7753ab9a4a37d7cb88efcd35083b8d691864f4ed37465f8b7d2de658","/assets/scss/core/_tabs.scss":"98e9d85ded735fb5d2063f79319d9da270ce39413b310c53f341dfec8f2a4b41","/assets/scss/core/_togglebutton.scss":"859b508648ec6f3e6105bc705e398f51efb92a87f4bf401ae1f4cb076fa2ed3a","/assets/scss/core/_tooltip.scss":"79488c728d09b2fb905a241aa1176ad2dd5be29a2dd26df28517a8ce7e141bf8","/assets/scss/core/_type.scss":"e4e820205601a740252f3ad8a86b6a9195afcd9a2f6af33cc7e22ba543c3b034","/assets/scss/core/_variables.scss":"bc6dc91a0985226586297ca68073e389ab0b87ab61db2683384e1097bdd33406","/assets/scss/core/cards/_card-plain.scss":"1018781d025930ebc0f8bec035d9169a93e59efd88c21207ba68183349cac6ff","/assets/scss/core/cards/_card-profile.scss":"6924cbc29246a940c8b42ad9700223759799bbecb2a899bbe77e55b37d47b248","/assets/scss/core/cards/_card-stats.scss":"977e4840dc524551c02da849271b041a23ac66364fcb662536c285c14787660c","/assets/scss/core/mixins/_alert.scss":"05dbc37e4a16748f784fb0fe5a8ad1bbc9e49e064d79e1efe602f1572dab366e","/assets/scss/core/mixins/_animations.scss":"44e9969441998363911c36fa7bf02af4f8becd27e94efc885ccf7cc36625c918","/assets/scss/core/mixins/_breakpoints.scss":"48f30d8639f4eeed485133ab8ea4adbf9772c6691f26c2621b37233d89d4d079","/assets/scss/core/mixins/_buttons.scss":"941afcb195cd66b57dbf6555a938e27faff8be4ab5bc2756bea3e0894e946d9e","/assets/scss/core/mixins/_colored-shadows.scss":"542a66dbeaa35fd287490a1b6dfb0210d05e038eb9d7af97d058691d2824e6dc","/assets/scss/core/mixins/_drawer.scss":"0bf5c13fbcb657fa8c027541aa0f0425866a6c783a2f43e1a85b13ef6f0b27ec","/assets/scss/core/mixins/_forms.scss":"31bbf37a3ad1b32fc95d56c0d40d166085fcce7834ceb36dd98a411d54a0af9b","/assets/scss/core/mixins/_hover.scss":"fb3f48618b4d3cd656b356df5ad7e76d731abfac1848747de0c944655a8a3691","/assets/scss/core/mixins/_layout.scss":"f28c9cf4e19dfd80e84737c7d9baf90fecc14c0cb2d5e57d5effa598b917793d","/assets/scss/core/mixins/_navbar-colors.scss":"30e08c38ad1716a58952e2812e5f7883952146b93bde1fd6157df0953f7a6d42","/assets/scss/core/mixins/_navs.scss":"1176993889cae29ebfcd76788802af2906df4857e09afe85c0459168696f0564","/assets/scss/core/mixins/_sidebar-color.scss":"bca40749201176bf5b8b0ced9d99fec0a79355fb4b05a0fb7638df1c21a8c7d1","/assets/scss/core/mixins/_transparency.scss":"e8353c7b44c2dcc2b40e780d85d88b1e6957d595ab36a665c5694e6785a18508","/assets/scss/core/mixins/_type.scss":"24db59032159b8195b4e65910a38a6f380c2815484305fd7436dee2694d45c71","/assets/scss/core/mixins/_utilities.scss":"c9a2cd9717126222d0faf8f8fac819072f95f6687e855278ed281e61bfaa42d0","/assets/scss/core/mixins/_variables.scss":"b09854d9e12c6ae5fb57f5fe3b662f24af6df6aa9c2c8acd561649046c7f1088","/assets/scss/core/mixins/_vendor-prefixes.scss":"96b9b86caf021957e37a14121b3719a19d6ab171fa122e38a40048a0e0aef32c","/assets/scss/core/plugins/_animate.scss":"86f7686f01308c97d05bf772b9cd2ce51595d62012ed8cec2caa50f88968e2f4","/assets/scss/core/variables/_body.scss":"256231cc69b9e1c893fed3567815ed63931be9ead65b23d5e691306c7911375b","/assets/scss/core/variables/_bootstrap-material-design-base.scss":"85cd54276434b264cb2c9a5de316a4399f1380bc692cae9f8e68466f1b6352e3","/assets/scss/core/variables/_bootstrap-material-design.scss":"d36965872e42ece72e2f15f4d46e0a688e72a5c0e3c24fafa57f140592e18cf1","/assets/scss/core/variables/_brand.scss":"f10c374968bdffaaf4953964786007d404e8c3923addef4640a3ff95266c97dc","/assets/scss/core/variables/_buttons.scss":"a9879320c00a7c22ffcd5c4d91a9132db32a1fb16b3484c460899762aac21f90","/assets/scss/core/variables/_card.scss":"f265a03371458f03d6b72e775eec2fa561c56221ff90f8c74c1e5b5bbea2f10f","/assets/scss/core/variables/_code.scss":"940a9cc137c235bd7ee251b73ef4dcab519285b06ed2fdcffe827c71d83f2640","/assets/scss/core/variables/_colors-map.scss":"e117b0c5b92418d7d09214e16c40a3e1c3721211cb0c4944d22ba1c5a773f51b","/assets/scss/core/variables/_colors.scss":"4901cd1e0877585b6372f2665778504b2a7de39da4ac9235cfbe42bef26c7f1b","/assets/scss/core/variables/_custom-forms.scss":"e516b9d61497e8622ec16d0edea4ffa63e7ceb77b459490f65ffda48e964c799","/assets/scss/core/variables/_drawer.scss":"d9f2c4068aad13f4cd54f87547c9778f319b7b26fe8a79415559c98f392e11bf","/assets/scss/core/variables/_dropdown.scss":"571c7573ee90b0e13e69b7c9c51fb9bf3c8fa035056e2e575b9bfae4f33c4271","/assets/scss/core/variables/_forms.scss":"fe1f395462918aeeae86ff9f57d300905f6dff566aed40024a27515a41aa5880","/assets/scss/core/variables/_layout.scss":"c44a54e8e148410fbc1ce81d332c66e23b288436efb328d386905222a3649021","/assets/scss/core/variables/_list-group.scss":"bdc16fae2a0dcdd04c3dfe37fe5a2dbcbb75b1ceccf726de8e877e6e75f90736","/assets/scss/core/variables/_menu.scss":"aac4e81a726cbc9a24f58528f8bb2a9b0da570944c0e56062403e9a9a2d64e56","/assets/scss/core/variables/_modals.scss":"8c52dffb7d7c064d55504a9b3618bdeeb90815b21849353de0f29564c1265f35","/assets/scss/core/variables/_nav.scss":"4ff92bfc9f815769685221fdbfff2d0ca8be8ab9a6b8fb4fed2e6f0b59c25b56","/assets/scss/core/variables/_pagination.scss":"8034a6737d22602cd1ddc35fdc93d4bb818080570f4a8b17e749fc2b3373f0d0","/assets/scss/core/variables/_shadow.scss":"53d0e605a03069f13347e1886770734a1d334bbea3a22d28830981e91984533b","/assets/scss/core/variables/_snackbar.scss":"0456b7ee2cd2f77d6b2fb0391d38f203bc3a4f3c68e793b20081c7a29067165a","/assets/scss/core/variables/_spacing.scss":"d0b5dbc3969a76d7b035bcb61f65369342607216baf733ba86280fd7e033a3b6","/assets/scss/core/variables/_state.scss":"cec9e53da64325c3d66982752114dfcbda1c8aeed74ee2ebfc87243a7d8d306a","/assets/scss/core/variables/_tables.scss":"4a0276ecfefac5045bf340886240a955240a3138f3c86a7dfcff08bce29b74da","/assets/scss/core/variables/_tooltip.scss":"6cb17bf5b4342f2dc907d10876ba40b89586c99cc7113ab170acf856aedf86dd","/assets/scss/core/variables/_type.scss":"3ac6a0f411aa2578c24736750b86d430eb7138d421209ba5329a0e6bbd135edd"}}
[debug] [2020-12-14T22:03:13.723Z] <<< [apiv2][status] POST https://firebasehosting.googleapis.com/v1beta1/sites/odmm-autodiagostico/versions/132cf1b153b45b52:populateFiles 200
[debug] [2020-12-14T22:03:13.723Z] <<< [apiv2][body] POST https://firebasehosting.googleapis.com/v1beta1/sites/odmm-autodiagostico/versions/132cf1b153b45b52:populateFiles {"uploadRequiredHashes":["1765a5aaa325f7f32d235ba4285ffdf6487a564ec47450c7aec5beaa95c1e850","886e2043744a3f6f1b516a745a223f8c7d33e71f52c5a19472df78ac82bd6cbe","017c4b0e08eaa470b36db5a490835eb76839382ac0b8ef702e1fe352f532e68d","e49439f6f99a72bf78018ca1ee8c658b908c0f80fdf4cbd6513c2cd6fe5cb86a","0f61348d75fd19580d017a44fc9e4f82ccfd48b88708ab8ca5c7cf8fec0e654d","dcf631943c983c15e8137f3412eba7df7c1f6253104d829fda46bb98808da90d","407377b5f4fd171dd5a1c4785b205aa449ff3b182bc0b5b1f9c96f28496e05ff","8e165d504c0ebb7bea0b9485c605d1240e5413de31fb2f9d2dae45634cef0dc2","ee069b9a706fd14b317307a7a447c163e9dd21a810f7e6148ecb502b15a18b5b"],"uploadUrl":"https://upload-firebasehosting.googleapis.com/upload/sites/odmm-autodiagostico/versions/132cf1b153b45b52/files"}
[debug] [2020-12-14T22:03:13.726Z] >>> [apiv2][query] POST https://upload-firebasehosting.googleapis.com/upload/sites/odmm-autodiagostico/versions/132cf1b153b45b52/files/1765a5aaa325f7f32d235ba4285ffdf6487a564ec47450c7aec5beaa95c1e850 [none]
[debug] [2020-12-14T22:03:13.727Z] >>> [apiv2][body] POST https://upload-firebasehosting.googleapis.com/upload/sites/odmm-autodiagostico/versions/132cf1b153b45b52/files/1765a5aaa325f7f32d235ba4285ffdf6487a564ec47450c7aec5beaa95c1e850 [stream]
[debug] [2020-12-14T22:03:13.728Z] >>> [apiv2][query] POST https://upload-firebasehosting.googleapis.com/upload/sites/odmm-autodiagostico/versions/132cf1b153b45b52/files/886e2043744a3f6f1b516a745a223f8c7d33e71f52c5a19472df78ac82bd6cbe [none]
[debug] [2020-12-14T22:03:13.728Z] >>> [apiv2][body] POST https://upload-firebasehosting.googleapis.com/upload/sites/odmm-autodiagostico/versions/132cf1b153b45b52/files/886e2043744a3f6f1b516a745a223f8c7d33e71f52c5a19472df78ac82bd6cbe [stream]
[debug] [2020-12-14T22:03:13.729Z] >>> [apiv2][query] POST https://upload-firebasehosting.googleapis.com/upload/sites/odmm-autodiagostico/versions/132cf1b153b45b52/files/017c4b0e08eaa470b36db5a490835eb76839382ac0b8ef702e1fe352f532e68d [none]
[debug] [2020-12-14T22:03:13.729Z] >>> [apiv2][body] POST https://upload-firebasehosting.googleapis.com/upload/sites/odmm-autodiagostico/versions/132cf1b153b45b52/files/017c4b0e08eaa470b36db5a490835eb76839382ac0b8ef702e1fe352f532e68d [stream]
[debug] [2020-12-14T22:03:13.730Z] >>> [apiv2][query] POST https://upload-firebasehosting.googleapis.com/upload/sites/odmm-autodiagostico/versions/132cf1b153b45b52/files/e49439f6f99a72bf78018ca1ee8c658b908c0f80fdf4cbd6513c2cd6fe5cb86a [none]
[debug] [2020-12-14T22:03:13.730Z] >>> [apiv2][body] POST https://upload-firebasehosting.googleapis.com/upload/sites/odmm-autodiagostico/versions/132cf1b153b45b52/files/e49439f6f99a72bf78018ca1ee8c658b908c0f80fdf4cbd6513c2cd6fe5cb86a [stream]
[debug] [2020-12-14T22:03:13.734Z] >>> [apiv2][query] POST https://upload-firebasehosting.googleapis.com/upload/sites/odmm-autodiagostico/versions/132cf1b153b45b52/files/0f61348d75fd19580d017a44fc9e4f82ccfd48b88708ab8ca5c7cf8fec0e654d [none]
[debug] [2020-12-14T22:03:13.734Z] >>> [apiv2][body] POST https://upload-firebasehosting.googleapis.com/upload/sites/odmm-autodiagostico/versions/132cf1b153b45b52/files/0f61348d75fd19580d017a44fc9e4f82ccfd48b88708ab8ca5c7cf8fec0e654d [stream]
[debug] [2020-12-14T22:03:13.735Z] >>> [apiv2][query] POST https://upload-firebasehosting.googleapis.com/upload/sites/odmm-autodiagostico/versions/132cf1b153b45b52/files/dcf631943c983c15e8137f3412eba7df7c1f6253104d829fda46bb98808da90d [none]
[debug] [2020-12-14T22:03:13.735Z] >>> [apiv2][body] POST https://upload-firebasehosting.googleapis.com/upload/sites/odmm-autodiagostico/versions/132cf1b153b45b52/files/dcf631943c983c15e8137f3412eba7df7c1f6253104d829fda46bb98808da90d [stream]
[debug] [2020-12-14T22:03:13.735Z] >>> [apiv2][query] POST https://upload-firebasehosting.googleapis.com/upload/sites/odmm-autodiagostico/versions/132cf1b153b45b52/files/407377b5f4fd171dd5a1c4785b205aa449ff3b182bc0b5b1f9c96f28496e05ff [none]
[debug] [2020-12-14T22:03:13.735Z] >>> [apiv2][body] POST https://upload-firebasehosting.googleapis.com/upload/sites/odmm-autodiagostico/versions/132cf1b153b45b52/files/407377b5f4fd171dd5a1c4785b205aa449ff3b182bc0b5b1f9c96f28496e05ff [stream]
[debug] [2020-12-14T22:03:13.736Z] >>> [apiv2][query] POST https://upload-firebasehosting.googleapis.com/upload/sites/odmm-autodiagostico/versions/132cf1b153b45b52/files/8e165d504c0ebb7bea0b9485c605d1240e5413de31fb2f9d2dae45634cef0dc2 [none]
[debug] [2020-12-14T22:03:13.736Z] >>> [apiv2][body] POST https://upload-firebasehosting.googleapis.com/upload/sites/odmm-autodiagostico/versions/132cf1b153b45b52/files/8e165d504c0ebb7bea0b9485c605d1240e5413de31fb2f9d2dae45634cef0dc2 [stream]
[debug] [2020-12-14T22:03:13.737Z] >>> [apiv2][query] POST https://upload-firebasehosting.googleapis.com/upload/sites/odmm-autodiagostico/versions/132cf1b153b45b52/files/ee069b9a706fd14b317307a7a447c163e9dd21a810f7e6148ecb502b15a18b5b [none]
[debug] [2020-12-14T22:03:13.737Z] >>> [apiv2][body] POST https://upload-firebasehosting.googleapis.com/upload/sites/odmm-autodiagostico/versions/132cf1b153b45b52/files/ee069b9a706fd14b317307a7a447c163e9dd21a810f7e6148ecb502b15a18b5b [stream]
[debug] [2020-12-14T22:03:13.737Z] [hosting][populate queue][FINAL] {"max":1809,"min":1809,"avg":1809,"active":0,"complete":1,"success":1,"errored":0,"retried":0,"total":1,"elapsed":1820}
[debug] [2020-12-14T22:03:13.737Z] [hosting] uploads queued: 9
[debug] [2020-12-14T22:03:44.129Z] [uploadQueue] Retrying task 1765a5aaa325f7f32d235ba4285ffdf6487a564ec47450c7aec5beaa95c1e850
[debug] [2020-12-14T22:03:44.131Z] >>> [apiv2][query] POST https://upload-firebasehosting.googleapis.com/upload/sites/odmm-autodiagostico/versions/132cf1b153b45b52/files/1765a5aaa325f7f32d235ba4285ffdf6487a564ec47450c7aec5beaa95c1e850 [none]
[debug] [2020-12-14T22:03:44.131Z] >>> [apiv2][body] POST https://upload-firebasehosting.googleapis.com/upload/sites/odmm-autodiagostico/versions/132cf1b153b45b52/files/1765a5aaa325f7f32d235ba4285ffdf6487a564ec47450c7aec5beaa95c1e850 [stream]
[debug] [2020-12-14T22:03:44.136Z] [uploadQueue] Retrying task 886e2043744a3f6f1b516a745a223f8c7d33e71f52c5a19472df78ac82bd6cbe
[debug] [2020-12-14T22:03:44.137Z] >>> [apiv2][query] POST https://upload-firebasehosting.googleapis.com/upload/sites/odmm-autodiagostico/versions/132cf1b153b45b52/files/886e2043744a3f6f1b516a745a223f8c7d33e71f52c5a19472df78ac82bd6cbe [none]
[debug] [2020-12-14T22:03:44.137Z] >>> [apiv2][body] POST https://upload-firebasehosting.googleapis.com/upload/sites/odmm-autodiagostico/versions/132cf1b153b45b52/files/886e2043744a3f6f1b516a745a223f8c7d33e71f52c5a19472df78ac82bd6cbe [stream]
[debug] [2020-12-14T22:03:44.143Z] [uploadQueue] Retrying task 017c4b0e08eaa470b36db5a490835eb76839382ac0b8ef702e1fe352f532e68d
[debug] [2020-12-14T22:03:44.145Z] >>> [apiv2][query] POST https://upload-firebasehosting.googleapis.com/upload/sites/odmm-autodiagostico/versions/132cf1b153b45b52/files/017c4b0e08eaa470b36db5a490835eb76839382ac0b8ef702e1fe352f532e68d [none]
[debug] [2020-12-14T22:03:44.145Z] >>> [apiv2][body] POST https://upload-firebasehosting.googleapis.com/upload/sites/odmm-autodiagostico/versions/132cf1b153b45b52/files/017c4b0e08eaa470b36db5a490835eb76839382ac0b8ef702e1fe352f532e68d [stream]
[debug] [2020-12-14T22:03:44.148Z] [uploadQueue] Retrying task e49439f6f99a72bf78018ca1ee8c658b908c0f80fdf4cbd6513c2cd6fe5cb86a
[debug] [2020-12-14T22:03:44.148Z] >>> [apiv2][query] POST https://upload-firebasehosting.googleapis.com/upload/sites/odmm-autodiagostico/versions/132cf1b153b45b52/files/e49439f6f99a72bf78018ca1ee8c658b908c0f80fdf4cbd6513c2cd6fe5cb86a [none]
[debug] [2020-12-14T22:03:44.148Z] >>> [apiv2][body] POST https://upload-firebasehosting.googleapis.com/upload/sites/odmm-autodiagostico/versions/132cf1b153b45b52/files/e49439f6f99a72bf78018ca1ee8c658b908c0f80fdf4cbd6513c2cd6fe5cb86a [stream]
[debug] [2020-12-14T22:03:44.150Z] [uploadQueue] Retrying task 0f61348d75fd19580d017a44fc9e4f82ccfd48b88708ab8ca5c7cf8fec0e654d
[debug] [2020-12-14T22:03:44.152Z] >>> [apiv2][query] POST https://upload-firebasehosting.googleapis.com/upload/sites/odmm-autodiagostico/versions/132cf1b153b45b52/files/0f61348d75fd19580d017a44fc9e4f82ccfd48b88708ab8ca5c7cf8fec0e654d [none]
[debug] [2020-12-14T22:03:44.153Z] >>> [apiv2][body] POST https://upload-firebasehosting.googleapis.com/upload/sites/odmm-autodiagostico/versions/132cf1b153b45b52/files/0f61348d75fd19580d017a44fc9e4f82ccfd48b88708ab8ca5c7cf8fec0e654d [stream]
[debug] [2020-12-14T22:03:44.158Z] [uploadQueue] Retrying task 407377b5f4fd171dd5a1c4785b205aa449ff3b182bc0b5b1f9c96f28496e05ff
[debug] [2020-12-14T22:03:44.159Z] >>> [apiv2][query] POST https://upload-firebasehosting.googleapis.com/upload/sites/odmm-autodiagostico/versions/132cf1b153b45b52/files/407377b5f4fd171dd5a1c4785b205aa449ff3b182bc0b5b1f9c96f28496e05ff [none]
[debug] [2020-12-14T22:03:44.159Z] >>> [apiv2][body] POST https://upload-firebasehosting.googleapis.com/upload/sites/odmm-autodiagostico/versions/132cf1b153b45b52/files/407377b5f4fd171dd5a1c4785b205aa449ff3b182bc0b5b1f9c96f28496e05ff [stream]
[debug] [2020-12-14T22:03:44.162Z] [uploadQueue] Retrying task 8e165d504c0ebb7bea0b9485c605d1240e5413de31fb2f9d2dae45634cef0dc2
[debug] [2020-12-14T22:03:44.164Z] >>> [apiv2][query] POST https://upload-firebasehosting.googleapis.com/upload/sites/odmm-autodiagostico/versions/132cf1b153b45b52/files/8e165d504c0ebb7bea0b9485c605d1240e5413de31fb2f9d2dae45634cef0dc2 [none]
[debug] [2020-12-14T22:03:44.164Z] >>> [apiv2][body] POST https://upload-firebasehosting.googleapis.com/upload/sites/odmm-autodiagostico/versions/132cf1b153b45b52/files/8e165d504c0ebb7bea0b9485c605d1240e5413de31fb2f9d2dae45634cef0dc2 [stream]
[debug] [2020-12-14T22:03:44.165Z] [uploadQueue] Retrying task ee069b9a706fd14b317307a7a447c163e9dd21a810f7e6148ecb502b15a18b5b
[debug] [2020-12-14T22:03:44.165Z] >>> [apiv2][query] POST https://upload-firebasehosting.googleapis.com/upload/sites/odmm-autodiagostico/versions/132cf1b153b45b52/files/ee069b9a706fd14b317307a7a447c163e9dd21a810f7e6148ecb502b15a18b5b [none]
[debug] [2020-12-14T22:03:44.166Z] >>> [apiv2][body] POST https://upload-firebasehosting.googleapis.com/upload/sites/odmm-autodiagostico/versions/132cf1b153b45b52/files/ee069b9a706fd14b317307a7a447c163e9dd21a810f7e6148ecb502b15a18b5b [stream]
[debug] [2020-12-14T22:03:44.268Z] [uploadQueue] Retrying task dcf631943c983c15e8137f3412eba7df7c1f6253104d829fda46bb98808da90d
[debug] [2020-12-14T22:03:44.268Z] >>> [apiv2][query] POST https://upload-firebasehosting.googleapis.com/upload/sites/odmm-autodiagostico/versions/132cf1b153b45b52/files/dcf631943c983c15e8137f3412eba7df7c1f6253104d829fda46bb98808da90d [none]
[debug] [2020-12-14T22:03:44.268Z] >>> [apiv2][body] POST https://upload-firebasehosting.googleapis.com/upload/sites/odmm-autodiagostico/versions/132cf1b153b45b52/files/dcf631943c983c15e8137f3412eba7df7c1f6253104d829fda46bb98808da90d [stream]
[debug] [2020-12-14T22:04:14.932Z] [uploadQueue] Retrying task 1765a5aaa325f7f32d235ba4285ffdf6487a564ec47450c7aec5beaa95c1e850
[debug] [2020-12-14T22:04:14.933Z] >>> [apiv2][query] POST https://upload-firebasehosting.googleapis.com/upload/sites/odmm-autodiagostico/versions/132cf1b153b45b52/files/1765a5aaa325f7f32d235ba4285ffdf6487a564ec47450c7aec5beaa95c1e850 [none]
[debug] [2020-12-14T22:04:14.933Z] >>> [apiv2][body] POST https://upload-firebasehosting.googleapis.com/upload/sites/odmm-autodiagostico/versions/132cf1b153b45b52/files/1765a5aaa325f7f32d235ba4285ffdf6487a564ec47450c7aec5beaa95c1e850 [stream]
[debug] [2020-12-14T22:04:14.938Z] [uploadQueue] Retrying task 886e2043744a3f6f1b516a745a223f8c7d33e71f52c5a19472df78ac82bd6cbe
[debug] [2020-12-14T22:04:14.939Z] >>> [apiv2][query] POST https://upload-firebasehosting.googleapis.com/upload/sites/odmm-autodiagostico/versions/132cf1b153b45b52/files/886e2043744a3f6f1b516a745a223f8c7d33e71f52c5a19472df78ac82bd6cbe [none]
[debug] [2020-12-14T22:04:14.939Z] >>> [apiv2][body] POST https://upload-firebasehosting.googleapis.com/upload/sites/odmm-autodiagostico/versions/132cf1b153b45b52/files/886e2043744a3f6f1b516a745a223f8c7d33e71f52c5a19472df78ac82bd6cbe [stream]
[debug] [2020-12-14T22:04:14.944Z] [uploadQueue] Retrying task 017c4b0e08eaa470b36db5a490835eb76839382ac0b8ef702e1fe352f532e68d
[debug] [2020-12-14T22:04:14.945Z] >>> [apiv2][query] POST https://upload-firebasehosting.googleapis.com/upload/sites/odmm-autodiagostico/versions/132cf1b153b45b52/files/017c4b0e08eaa470b36db5a490835eb76839382ac0b8ef702e1fe352f532e68d [none]
[debug] [2020-12-14T22:04:14.945Z] >>> [apiv2][body] POST https://upload-firebasehosting.googleapis.com/upload/sites/odmm-autodiagostico/versions/132cf1b153b45b52/files/017c4b0e08eaa470b36db5a490835eb76839382ac0b8ef702e1fe352f532e68d [stream]
[debug] [2020-12-14T22:04:14.950Z] [uploadQueue] Retrying task e49439f6f99a72bf78018ca1ee8c658b908c0f80fdf4cbd6513c2cd6fe5cb86a
[debug] [2020-12-14T22:04:14.951Z] >>> [apiv2][query] POST https://upload-firebasehosting.googleapis.com/upload/sites/odmm-autodiagostico/versions/132cf1b153b45b52/files/e49439f6f99a72bf78018ca1ee8c658b908c0f80fdf4cbd6513c2cd6fe5cb86a [none]
[debug] [2020-12-14T22:04:14.951Z] >>> [apiv2][body] POST https://upload-firebasehosting.googleapis.com/upload/sites/odmm-autodiagostico/versions/132cf1b153b45b52/files/e49439f6f99a72bf78018ca1ee8c658b908c0f80fdf4cbd6513c2cd6fe5cb86a [stream]
[debug] [2020-12-14T22:04:14.952Z] [uploadQueue] Retrying task 0f61348d75fd19580d017a44fc9e4f82ccfd48b88708ab8ca5c7cf8fec0e654d
[debug] [2020-12-14T22:04:14.953Z] >>> [apiv2][query] POST https://upload-firebasehosting.googleapis.com/upload/sites/odmm-autodiagostico/versions/132cf1b153b45b52/files/0f61348d75fd19580d017a44fc9e4f82ccfd48b88708ab8ca5c7cf8fec0e654d [none]
[debug] [2020-12-14T22:04:14.953Z] >>> [apiv2][body] POST https://upload-firebasehosting.googleapis.com/upload/sites/odmm-autodiagostico/versions/132cf1b153b45b52/files/0f61348d75fd19580d017a44fc9e4f82ccfd48b88708ab8ca5c7cf8fec0e654d [stream]
[debug] [2020-12-14T22:04:14.960Z] [uploadQueue] Retrying task 407377b5f4fd171dd5a1c4785b205aa449ff3b182bc0b5b1f9c96f28496e05ff
[debug] [2020-12-14T22:04:14.961Z] >>> [apiv2][query] POST https://upload-firebasehosting.googleapis.com/upload/sites/odmm-autodiagostico/versions/132cf1b153b45b52/files/407377b5f4fd171dd5a1c4785b205aa449ff3b182bc0b5b1f9c96f28496e05ff [none]
[debug] [2020-12-14T22:04:14.961Z] >>> [apiv2][body] POST https://upload-firebasehosting.googleapis.com/upload/sites/odmm-autodiagostico/versions/132cf1b153b45b52/files/407377b5f4fd171dd5a1c4785b205aa449ff3b182bc0b5b1f9c96f28496e05ff [stream]
[debug] [2020-12-14T22:04:14.963Z] [uploadQueue] Retrying task 8e165d504c0ebb7bea0b9485c605d1240e5413de31fb2f9d2dae45634cef0dc2
[debug] [2020-12-14T22:04:14.963Z] >>> [apiv2][query] POST https://upload-firebasehosting.googleapis.com/upload/sites/odmm-autodiagostico/versions/132cf1b153b45b52/files/8e165d504c0ebb7bea0b9485c605d1240e5413de31fb2f9d2dae45634cef0dc2 [none]
[debug] [2020-12-14T22:04:14.963Z] >>> [apiv2][body] POST https://upload-firebasehosting.googleapis.com/upload/sites/odmm-autodiagostico/versions/132cf1b153b45b52/files/8e165d504c0ebb7bea0b9485c605d1240e5413de31fb2f9d2dae45634cef0dc2 [stream]
[debug] [2020-12-14T22:04:14.967Z] [uploadQueue] Retrying task ee069b9a706fd14b317307a7a447c163e9dd21a810f7e6148ecb502b15a18b5b
[debug] [2020-12-14T22:04:14.967Z] >>> [apiv2][query] POST https://upload-firebasehosting.googleapis.com/upload/sites/odmm-autodiagostico/versions/132cf1b153b45b52/files/ee069b9a706fd14b317307a7a447c163e9dd21a810f7e6148ecb502b15a18b5b [none]
[debug] [2020-12-14T22:04:14.967Z] >>> [apiv2][body] POST https://upload-firebasehosting.googleapis.com/upload/sites/odmm-autodiagostico/versions/132cf1b153b45b52/files/ee069b9a706fd14b317307a7a447c163e9dd21a810f7e6148ecb502b15a18b5b [stream]
[debug] [2020-12-14T22:04:15.210Z] [uploadQueue] Retrying task dcf631943c983c15e8137f3412eba7df7c1f6253104d829fda46bb98808da90d
[debug] [2020-12-14T22:04:15.211Z] >>> [apiv2][query] POST https://upload-firebasehosting.googleapis.com/upload/sites/odmm-autodiagostico/versions/132cf1b153b45b52/files/dcf631943c983c15e8137f3412eba7df7c1f6253104d829fda46bb98808da90d [none]
[debug] [2020-12-14T22:04:15.211Z] >>> [apiv2][body] POST https://upload-firebasehosting.googleapis.com/upload/sites/odmm-autodiagostico/versions/132cf1b153b45b52/files/dcf631943c983c15e8137f3412eba7df7c1f6253104d829fda46bb98808da90d [stream]
